<?xml version="1.0" encoding="UTF-8"?>
<testsuite xmlns:xsi="http://www.w3.org/2001/XMLSchema-instance" xsi:noNamespaceSchemaLocation="https://maven.apache.org/surefire/maven-surefire-plugin/xsd/surefire-test-report.xsd" name="logic.GameBoardTests" time="0.001" tests="13" errors="0" skipped="0" failures="0">
  <properties>
    <property name="java.specification.version" value="18"/>
    <property name="sun.cpu.isalist" value="amd64"/>
    <property name="sun.jnu.encoding" value="Cp1252"/>
    <property name="java.class.path" value="C:\UniversalFolder\Study\Programmierpraktikum\ppss_29\tags\final\pp_Crosswise_Jusup\target\test-classes;C:\UniversalFolder\Study\Programmierpraktikum\ppss_29\tags\final\pp_Crosswise_Jusup\target\classes;C:\Users\unbek\.m2\repository\org\openjfx\javafx-controls\16\javafx-controls-16.jar;C:\Users\unbek\.m2\repository\org\openjfx\javafx-graphics\16\javafx-graphics-16.jar;C:\Users\unbek\.m2\repository\org\openjfx\javafx-fxml\16\javafx-fxml-16.jar;C:\Users\unbek\.m2\repository\org\openjfx\javafx-base\16\javafx-base-16-win.jar;C:\Users\unbek\.m2\repository\org\openjfx\javafx-graphics\16\javafx-graphics-16-win.jar;C:\Users\unbek\.m2\repository\org\openjfx\javafx-base\16\javafx-base-16.jar;C:\Users\unbek\.m2\repository\org\openjfx\javafx-controls\16\javafx-controls-16-win.jar;C:\Users\unbek\.m2\repository\org\openjfx\javafx-fxml\16\javafx-fxml-16-win.jar;C:\Users\unbek\.m2\repository\com\google\code\gson\gson\2.8.8\gson-2.8.8.jar;C:\Users\unbek\.m2\repository\junit\junit\4.12\junit-4.12.jar;C:\Users\unbek\.m2\repository\org\hamcrest\hamcrest-core\1.3\hamcrest-core-1.3.jar;"/>
    <property name="java.vm.vendor" value="Oracle Corporation"/>
    <property name="sun.arch.data.model" value="64"/>
    <property name="user.variant" value=""/>
    <property name="java.vendor.url" value="https://java.oracle.com/"/>
    <property name="user.timezone" value="Europe/Berlin"/>
    <property name="os.name" value="Windows 11"/>
    <property name="java.vm.specification.version" value="18"/>
    <property name="sun.java.launcher" value="SUN_STANDARD"/>
    <property name="user.country" value="DE"/>
    <property name="sun.boot.library.path" value="C:\Users\unbek\.jdks\openjdk-18.0.1.1\bin"/>
    <property name="sun.java.command" value="C:\Users\unbek\AppData\Local\Temp\surefire11856077978278618481\surefirebooter7972303569969186727.jar C:\Users\unbek\AppData\Local\Temp\surefire11856077978278618481 2024-06-10T23-37-02_695-jvmRun1 surefire15860900361048307219tmp surefire_012442677932767997279tmp"/>
    <property name="jdk.debug" value="release"/>
    <property name="surefire.test.class.path" value="C:\UniversalFolder\Study\Programmierpraktikum\ppss_29\tags\final\pp_Crosswise_Jusup\target\test-classes;C:\UniversalFolder\Study\Programmierpraktikum\ppss_29\tags\final\pp_Crosswise_Jusup\target\classes;C:\Users\unbek\.m2\repository\org\openjfx\javafx-controls\16\javafx-controls-16.jar;C:\Users\unbek\.m2\repository\org\openjfx\javafx-graphics\16\javafx-graphics-16.jar;C:\Users\unbek\.m2\repository\org\openjfx\javafx-fxml\16\javafx-fxml-16.jar;C:\Users\unbek\.m2\repository\org\openjfx\javafx-base\16\javafx-base-16-win.jar;C:\Users\unbek\.m2\repository\org\openjfx\javafx-graphics\16\javafx-graphics-16-win.jar;C:\Users\unbek\.m2\repository\org\openjfx\javafx-base\16\javafx-base-16.jar;C:\Users\unbek\.m2\repository\org\openjfx\javafx-controls\16\javafx-controls-16-win.jar;C:\Users\unbek\.m2\repository\org\openjfx\javafx-fxml\16\javafx-fxml-16-win.jar;C:\Users\unbek\.m2\repository\com\google\code\gson\gson\2.8.8\gson-2.8.8.jar;C:\Users\unbek\.m2\repository\junit\junit\4.12\junit-4.12.jar;C:\Users\unbek\.m2\repository\org\hamcrest\hamcrest-core\1.3\hamcrest-core-1.3.jar;"/>
    <property name="sun.cpu.endian" value="little"/>
    <property name="user.home" value="C:\Users\unbek"/>
    <property name="user.language" value="de"/>
    <property name="java.specification.vendor" value="Oracle Corporation"/>
    <property name="java.version.date" value="2022-04-22"/>
    <property name="java.home" value="C:\Users\unbek\.jdks\openjdk-18.0.1.1"/>
    <property name="file.separator" value="\"/>
    <property name="basedir" value="C:\UniversalFolder\Study\Programmierpraktikum\ppss_29\tags\final\pp_Crosswise_Jusup"/>
    <property name="java.vm.compressedOopsMode" value="Zero based"/>
    <property name="line.separator" value="&#10;"/>
    <property name="java.vm.specification.vendor" value="Oracle Corporation"/>
    <property name="java.specification.name" value="Java Platform API Specification"/>
    <property name="surefire.real.class.path" value="C:\Users\unbek\AppData\Local\Temp\surefire11856077978278618481\surefirebooter7972303569969186727.jar"/>
    <property name="user.script" value=""/>
    <property name="sun.management.compiler" value="HotSpot 64-Bit Tiered Compilers"/>
    <property name="java.runtime.version" value="18.0.1.1+2-6"/>
    <property name="user.name" value="Jonathan"/>
    <property name="path.separator" value=";"/>
    <property name="os.version" value="10.0"/>
    <property name="java.runtime.name" value="OpenJDK Runtime Environment"/>
    <property name="file.encoding" value="UTF-8"/>
    <property name="java.vm.name" value="OpenJDK 64-Bit Server VM"/>
    <property name="localRepository" value="C:\Users\unbek\.m2\repository"/>
    <property name="java.vendor.url.bug" value="https://bugreport.java.com/bugreport/"/>
    <property name="java.io.tmpdir" value="C:\Users\unbek\AppData\Local\Temp\"/>
    <property name="idea.version" value="2023.3.4"/>
    <property name="java.version" value="18.0.1.1"/>
    <property name="user.dir" value="C:\UniversalFolder\Study\Programmierpraktikum\ppss_29\tags\final\pp_Crosswise_Jusup"/>
    <property name="os.arch" value="amd64"/>
    <property name="java.vm.specification.name" value="Java Virtual Machine Specification"/>
    <property name="sun.os.patch.level" value=""/>
    <property name="native.encoding" value="Cp1252"/>
    <property name="java.library.path" value="C:\Users\unbek\.jdks\openjdk-18.0.1.1\bin;C:\Windows\Sun\Java\bin;C:\Windows\system32;C:\Windows;C:\Program Files\Eclipse Adoptium\jdk-21.0.3.9-hotspot\bin;C:\Program Files\Oculus\Support\oculus-runtime;C:\Program Files\NVIDIA GPU Computing Toolkit\CUDA\v12.1\bin;C:\Program Files\NVIDIA GPU Computing Toolkit\CUDA\v12.1\libnvvp;C:\Program Files\Common Files\Oracle\Java\javapath;C:\Program Files (x86)\Common Files\Oracle\Java\java8path;C:\Program Files (x86)\Common Files\Oracle\Java\javapath;C:\WINDOWS\system32;C:\WINDOWS;C:\WINDOWS\System32\Wbem;C:\WINDOWS\System32\WindowsPowerShell\v1.0\;C:\WINDOWS\System32\OpenSSH\;C:\Program Files\Intel\WiFi\bin\;C:\Program Files\Common Files\Intel\WirelessCommon\;C:\Program Files\dotnet\;C:\Windows\system32;C:\Windows;C:\Windows\System32\Wbem;C:\Windows\System32\WindowsPowerShell\v1.0\;C:\Windows\System32\OpenSSH\;C:\Program Files (x86)\Windows Kits\10\Windows Performance Toolkit\;C:\Program Files (x86)\NVIDIA Corporation\PhysX\Common;C:\Program Files\NVIDIA Corporation\NVIDIA NvDLISR;C:\Program Files\NVIDIA Corporation\Nsight Compute 2023.1.1\;C:\Program Files\Tailscale\;C:\Program Files\Git\cmd;C:\Program Files\TortoiseSVN\bin;C:\Program Files\nodejs\;C:\Users\unbek\AppData\Local\Microsoft\WindowsApps;C:\Users\unbek\AppData\Local\atom\bin;C:\Users\unbek\AppData\Local\Programs\Microsoft VS Code\bin;C:\Program Files\Intel\WiFi\bin\;C:\Program Files\Common Files\Intel\WirelessCommon\;C:\Users\unbek\AppData\Local\Microsoft\WindowsApps;C:\Users\unbek\AppData\Roaming\npm;C:\Users\unbek\AppData\Local\JetBrains\Toolbox\scripts;C:\opencv\build\x64\vc15\bin;C:\Users\unbek\.dotnet\tools;;."/>
    <property name="java.vm.info" value="mixed mode, sharing"/>
    <property name="java.vendor" value="Oracle Corporation"/>
    <property name="java.vm.version" value="18.0.1.1+2-6"/>
    <property name="sun.io.unicode.encoding" value="UnicodeLittle"/>
    <property name="java.class.version" value="62.0"/>
  </properties>
  <testcase name="getGameTileOccurrencesAtSegment_Rows_test" classname="logic.GameBoardTests" time="0"/>
  <testcase name="boardConstructor_different_sizes_test" classname="logic.GameBoardTests" time="0"/>
  <testcase name="usedSpaces_test" classname="logic.GameBoardTests" time="0"/>
  <testcase name="getGameTileOccurrencesAtSegment_Columns_test" classname="logic.GameBoardTests" time="0"/>
  <testcase name="isFull_test" classname="logic.GameBoardTests" time="0"/>
  <testcase name="boardConstructor_loadedPreset_test" classname="logic.GameBoardTests" time="0"/>
  <testcase name="getGameTileAt_test" classname="logic.GameBoardTests" time="0"/>
  <testcase name="getGameBoard_test" classname="logic.GameBoardTests" time="0"/>
  <testcase name="gameTileOccurrences_test" classname="logic.GameBoardTests" time="0"/>
  <testcase name="isEmpty_test" classname="logic.GameBoardTests" time="0"/>
  <testcase name="gameTileOccurrences_wildcards_test" classname="logic.GameBoardTests" time="0"/>
  <testcase name="placeTileOnBoard_test" classname="logic.GameBoardTests" time="0"/>
  <testcase name="isFreeAt_test" classname="logic.GameBoardTests" time="0"/>
</testsuite>